<?xml version="1.0" encoding="UTF-8"?>
<!-- Generated by org.testng.reporters.JUnitReportReporter -->
<testsuite skipped="0" hostname="LAPTOP-CUJS7NEP" name="com.petstore.PetTests" tests="7" failures="0" timestamp="2020-07-18T22:40:00 IST" time="6.581" errors="0">
  <testcase name="verifyAdd" time="2.818" classname="com.petstore.PetTests"/>
  <system-out/>
  <testcase name="verifyAddCheckStatus" time="0.471" classname="com.petstore.PetTests"/>
  <system-out/>
  <testcase name="verifyNewPet" time="0.529" classname="com.petstore.PetTests"/>
  <system-out/>
  <testcase name="updatePet" time="0.456" classname="com.petstore.PetTests"/>
  <system-out/>
  <testcase name="verifyUpdate" time="0.419" classname="com.petstore.PetTests"/>
  <system-out/>
  <testcase name="deletePetAndDoCheck" time="0.892" classname="com.petstore.PetTests"/>
  <system-out/>
  <testcase name="verifySchema" time="0.996" classname="com.petstore.PetTests"/>
  <system-out/>
</testsuite> <!-- com.petstore.PetTests -->
