<?xml version="1.0" encoding="UTF-8"?>
<!-- Generated by org.testng.reporters.JUnitReportReporter -->
<testsuite skipped="0" hostname="LAPTOP-CUJS7NEP" name="com.petstore.PetTests" tests="5" failures="0" timestamp="2020-07-01T16:58:38 IST" time="9.771" errors="0">
  <testcase name="addNewPet" time="7.153" classname="com.petstore.PetTests"/>
  <system-out/>
  <testcase name="verifyNewPet" time="0.638" classname="com.petstore.PetTests"/>
  <system-out/>
  <testcase name="updatePet" time="0.490" classname="com.petstore.PetTests"/>
  <system-out/>
  <testcase name="verifyUpdate" time="0.455" classname="com.petstore.PetTests"/>
  <system-out/>
  <testcase name="deletePetAndDoCheck" time="1.035" classname="com.petstore.PetTests"/>
  <system-out/>
</testsuite> <!-- com.petstore.PetTests -->
