<?xml version="1.0" encoding="UTF-8"?>
<!-- Generated by org.testng.reporters.JUnitReportReporter -->
<testsuite skipped="0" hostname="LAPTOP-CUJS7NEP" name="com.petstore.PetTests" tests="7" failures="0" timestamp="2020-07-17T02:18:28 IST" time="6.670" errors="0">
  <testcase name="verifyAdd" time="2.916" classname="com.petstore.PetTests"/>
  <system-out/>
  <testcase name="verifyNewPet" time="0.521" classname="com.petstore.PetTests"/>
  <system-out/>
  <testcase name="updatePet" time="0.466" classname="com.petstore.PetTests"/>
  <system-out/>
  <testcase name="verifyUpdate" time="0.443" classname="com.petstore.PetTests"/>
  <system-out/>
  <testcase name="deletePetAndDoCheck" time="0.928" classname="com.petstore.PetTests"/>
  <system-out/>
  <testcase name="verifyAddCheckStatus" time="0.428" classname="com.petstore.PetTests"/>
  <system-out/>
  <testcase name="verifySchema" time="0.968" classname="com.petstore.PetTests"/>
  <system-out/>
</testsuite> <!-- com.petstore.PetTests -->
