<?xml version="1.0" encoding="UTF-8"?>
<!-- Generated by org.testng.reporters.JUnitReportReporter -->
<testsuite skipped="0" hostname="LAPTOP-CUJS7NEP" name="com.petstore.PetTests" tests="7" failures="0" timestamp="2020-07-18T01:49:51 IST" time="6.953" errors="0">
  <testcase name="verifyAdd" time="2.924" classname="com.petstore.PetTests"/>
  <system-out/>
  <testcase name="verifyNewPet" time="0.564" classname="com.petstore.PetTests"/>
  <system-out/>
  <testcase name="updatePet" time="0.489" classname="com.petstore.PetTests"/>
  <system-out/>
  <testcase name="verifyUpdate" time="0.480" classname="com.petstore.PetTests"/>
  <system-out/>
  <testcase name="deletePetAndDoCheck" time="1.017" classname="com.petstore.PetTests"/>
  <system-out/>
  <testcase name="verifyAddCheckStatus" time="0.430" classname="com.petstore.PetTests"/>
  <system-out/>
  <testcase name="verifySchema" time="1.049" classname="com.petstore.PetTests"/>
  <system-out/>
</testsuite> <!-- com.petstore.PetTests -->
